0 info it worked if it ends with ok
1 verbose cli [ 'C:\\Program Files\\nodejs\\node.exe',
1 verbose cli   'C:\\Program Files\\nodejs\\node_modules\\npm\\bin\\npm-cli.js',
1 verbose cli   'install',
1 verbose cli   'sleep' ]
2 info using npm@3.10.9
3 info using node@v6.9.2
4 silly loadCurrentTree Starting
5 silly install loadCurrentTree
6 silly install readLocalPackageData
7 silly fetchPackageMetaData sleep
8 silly fetchNamedPackageData sleep
9 silly mapToRegistry name sleep
10 silly mapToRegistry using default registry
11 silly mapToRegistry registry https://registry.npmjs.org/
12 silly mapToRegistry data Result {
12 silly mapToRegistry   raw: 'sleep',
12 silly mapToRegistry   scope: null,
12 silly mapToRegistry   escapedName: 'sleep',
12 silly mapToRegistry   name: 'sleep',
12 silly mapToRegistry   rawSpec: '',
12 silly mapToRegistry   spec: 'latest',
12 silly mapToRegistry   type: 'tag' }
13 silly mapToRegistry uri https://registry.npmjs.org/sleep
14 verbose request uri https://registry.npmjs.org/sleep
15 verbose request no auth needed
16 info attempt registry request try #1 at 15:23:27
17 verbose request id 292c072deac38759
18 verbose etag W/"58743b35-520a"
19 verbose lastModified Tue, 10 Jan 2017 01:39:01 GMT
20 http request GET https://registry.npmjs.org/sleep
21 http 304 https://registry.npmjs.org/sleep
22 verbose headers { date: 'Tue, 07 Mar 2017 07:23:28 GMT',
22 verbose headers   via: '1.1 varnish',
22 verbose headers   'cache-control': 'max-age=300',
22 verbose headers   etag: 'W/"58743b35-520a"',
22 verbose headers   age: '56',
22 verbose headers   connection: 'keep-alive',
22 verbose headers   'x-served-by': 'cache-itm7426-ITM',
22 verbose headers   'x-cache': 'HIT',
22 verbose headers   'x-cache-hits': '1',
22 verbose headers   'x-timer': 'S1488871408.067965,VS0,VE0',
22 verbose headers   vary: 'Accept-Encoding' }
23 silly get cb [ 304,
23 silly get   { date: 'Tue, 07 Mar 2017 07:23:28 GMT',
23 silly get     via: '1.1 varnish',
23 silly get     'cache-control': 'max-age=300',
23 silly get     etag: 'W/"58743b35-520a"',
23 silly get     age: '56',
23 silly get     connection: 'keep-alive',
23 silly get     'x-served-by': 'cache-itm7426-ITM',
23 silly get     'x-cache': 'HIT',
23 silly get     'x-cache-hits': '1',
23 silly get     'x-timer': 'S1488871408.067965,VS0,VE0',
23 silly get     vary: 'Accept-Encoding' } ]
24 verbose etag https://registry.npmjs.org/sleep from cache
25 verbose get saving sleep to C:\Users\140702\AppData\Roaming\npm-cache\registry.npmjs.org\sleep\.cache.json
26 verbose correctMkdir C:\Users\140702\AppData\Roaming\npm-cache correctMkdir not in flight; initializing
27 silly install normalizeTree
28 silly loadCurrentTree Finishing
29 silly loadIdealTree Starting
30 silly install loadIdealTree
31 silly cloneCurrentTree Starting
32 silly install cloneCurrentTreeToIdealTree
33 silly cloneCurrentTree Finishing
34 silly loadShrinkwrap Starting
35 silly install loadShrinkwrap
36 silly loadShrinkwrap Finishing
37 silly loadAllDepsIntoIdealTree Starting
38 silly install loadAllDepsIntoIdealTree
39 silly resolveWithNewModule sleep@5.1.0 checking installable status
40 silly cache add args [ 'sleep', null ]
41 verbose cache add spec sleep
42 silly cache add parsed spec Result {
42 silly cache add   raw: 'sleep',
42 silly cache add   scope: null,
42 silly cache add   escapedName: 'sleep',
42 silly cache add   name: 'sleep',
42 silly cache add   rawSpec: '',
42 silly cache add   spec: 'latest',
42 silly cache add   type: 'tag' }
43 silly addNamed sleep@latest
44 verbose addNamed "latest" is being treated as a dist-tag for sleep
45 info addNameTag [ 'sleep', 'latest' ]
46 silly mapToRegistry name sleep
47 silly mapToRegistry using default registry
48 silly mapToRegistry registry https://registry.npmjs.org/
49 silly mapToRegistry data Result {
49 silly mapToRegistry   raw: 'sleep',
49 silly mapToRegistry   scope: null,
49 silly mapToRegistry   escapedName: 'sleep',
49 silly mapToRegistry   name: 'sleep',
49 silly mapToRegistry   rawSpec: '',
49 silly mapToRegistry   spec: 'latest',
49 silly mapToRegistry   type: 'tag' }
50 silly mapToRegistry uri https://registry.npmjs.org/sleep
51 verbose addNameTag registry:https://registry.npmjs.org/sleep not in flight; fetching
52 verbose get https://registry.npmjs.org/sleep not expired, no request
53 silly addNameTag next cb for sleep with tag latest
54 silly addNamed sleep@5.1.0
55 verbose addNamed "5.1.0" is a plain semver version for sleep
56 silly cache afterAdd sleep@5.1.0
57 verbose afterAdd C:\Users\140702\AppData\Roaming\npm-cache\sleep\5.1.0\package\package.json not in flight; writing
58 verbose correctMkdir C:\Users\140702\AppData\Roaming\npm-cache correctMkdir not in flight; initializing
59 verbose afterAdd C:\Users\140702\AppData\Roaming\npm-cache\sleep\5.1.0\package\package.json written
60 silly fetchNamedPackageData nan
61 silly mapToRegistry name nan
62 silly mapToRegistry using default registry
63 silly mapToRegistry registry https://registry.npmjs.org/
64 silly mapToRegistry data Result {
64 silly mapToRegistry   raw: 'nan',
64 silly mapToRegistry   scope: null,
64 silly mapToRegistry   escapedName: 'nan',
64 silly mapToRegistry   name: 'nan',
64 silly mapToRegistry   rawSpec: '',
64 silly mapToRegistry   spec: 'latest',
64 silly mapToRegistry   type: 'tag' }
65 silly mapToRegistry uri https://registry.npmjs.org/nan
66 verbose request uri https://registry.npmjs.org/nan
67 verbose request no auth needed
68 info attempt registry request try #1 at 15:23:28
69 http request GET https://registry.npmjs.org/nan
70 http 200 https://registry.npmjs.org/nan
71 verbose headers { server: 'nginx/1.10.1',
71 verbose headers   'content-type': 'application/json',
71 verbose headers   'last-modified': 'Wed, 15 Feb 2017 12:36:59 GMT',
71 verbose headers   etag: 'W/"58a44b6b-1df62"',
71 verbose headers   'content-encoding': 'gzip',
71 verbose headers   'cache-control': 'max-age=300',
71 verbose headers   'content-length': '14430',
71 verbose headers   'accept-ranges': 'bytes',
71 verbose headers   date: 'Tue, 07 Mar 2017 07:23:28 GMT',
71 verbose headers   via: '1.1 varnish',
71 verbose headers   age: '73',
71 verbose headers   connection: 'keep-alive',
71 verbose headers   'x-served-by': 'cache-itm7426-ITM',
71 verbose headers   'x-cache': 'HIT',
71 verbose headers   'x-cache-hits': '2',
71 verbose headers   'x-timer': 'S1488871408.344829,VS0,VE0',
71 verbose headers   vary: 'Accept-Encoding' }
72 silly get cb [ 200,
72 silly get   { server: 'nginx/1.10.1',
72 silly get     'content-type': 'application/json',
72 silly get     'last-modified': 'Wed, 15 Feb 2017 12:36:59 GMT',
72 silly get     etag: 'W/"58a44b6b-1df62"',
72 silly get     'content-encoding': 'gzip',
72 silly get     'cache-control': 'max-age=300',
72 silly get     'content-length': '14430',
72 silly get     'accept-ranges': 'bytes',
72 silly get     date: 'Tue, 07 Mar 2017 07:23:28 GMT',
72 silly get     via: '1.1 varnish',
72 silly get     age: '73',
72 silly get     connection: 'keep-alive',
72 silly get     'x-served-by': 'cache-itm7426-ITM',
72 silly get     'x-cache': 'HIT',
72 silly get     'x-cache-hits': '2',
72 silly get     'x-timer': 'S1488871408.344829,VS0,VE0',
72 silly get     vary: 'Accept-Encoding' } ]
73 verbose get saving nan to C:\Users\140702\AppData\Roaming\npm-cache\registry.npmjs.org\nan\.cache.json
74 verbose correctMkdir C:\Users\140702\AppData\Roaming\npm-cache correctMkdir not in flight; initializing
75 silly resolveWithNewModule nan@2.5.1 checking installable status
76 silly cache add args [ 'nan@>=2.0.0', null ]
77 verbose cache add spec nan@>=2.0.0
78 silly cache add parsed spec Result {
78 silly cache add   raw: 'nan@>=2.0.0',
78 silly cache add   scope: null,
78 silly cache add   escapedName: 'nan',
78 silly cache add   name: 'nan',
78 silly cache add   rawSpec: '>=2.0.0',
78 silly cache add   spec: '>=2.0.0',
78 silly cache add   type: 'range' }
79 silly addNamed nan@>=2.0.0
80 verbose addNamed ">=2.0.0" is a valid semver range for nan
81 silly addNameRange { name: 'nan', range: '>=2.0.0', hasData: false }
82 silly mapToRegistry name nan
83 silly mapToRegistry using default registry
84 silly mapToRegistry registry https://registry.npmjs.org/
85 silly mapToRegistry data Result {
85 silly mapToRegistry   raw: 'nan',
85 silly mapToRegistry   scope: null,
85 silly mapToRegistry   escapedName: 'nan',
85 silly mapToRegistry   name: 'nan',
85 silly mapToRegistry   rawSpec: '',
85 silly mapToRegistry   spec: 'latest',
85 silly mapToRegistry   type: 'tag' }
86 silly mapToRegistry uri https://registry.npmjs.org/nan
87 verbose addNameRange registry:https://registry.npmjs.org/nan not in flight; fetching
88 verbose get https://registry.npmjs.org/nan not expired, no request
89 silly addNameRange number 2 { name: 'nan', range: '>=2.0.0', hasData: true }
90 silly addNameRange versions [ 'nan',
90 silly addNameRange   [ '0.3.0-wip',
90 silly addNameRange     '0.3.0-wip2',
90 silly addNameRange     '0.3.0',
90 silly addNameRange     '0.3.1',
90 silly addNameRange     '0.3.2',
90 silly addNameRange     '0.4.0',
90 silly addNameRange     '0.4.1',
90 silly addNameRange     '0.4.2',
90 silly addNameRange     '0.4.3',
90 silly addNameRange     '0.4.4',
90 silly addNameRange     '0.5.0',
90 silly addNameRange     '0.5.1',
90 silly addNameRange     '0.5.2',
90 silly addNameRange     '0.6.0',
90 silly addNameRange     '0.7.0',
90 silly addNameRange     '0.7.1',
90 silly addNameRange     '0.8.0',
90 silly addNameRange     '1.0.0',
90 silly addNameRange     '1.1.0',
90 silly addNameRange     '1.1.1',
90 silly addNameRange     '1.1.2',
90 silly addNameRange     '1.2.0',
90 silly addNameRange     '1.3.0',
90 silly addNameRange     '1.4.0',
90 silly addNameRange     '1.4.1',
90 silly addNameRange     '1.5.0',
90 silly addNameRange     '1.4.2',
90 silly addNameRange     '1.4.3',
90 silly addNameRange     '1.5.1',
90 silly addNameRange     '1.5.2',
90 silly addNameRange     '1.6.0',
90 silly addNameRange     '1.5.3',
90 silly addNameRange     '1.6.1',
90 silly addNameRange     '1.6.2',
90 silly addNameRange     '1.7.0',
90 silly addNameRange     '1.8.0',
90 silly addNameRange     '1.8.1',
90 silly addNameRange     '1.8.2',
90 silly addNameRange     '1.8.3',
90 silly addNameRange     '1.8.4',
90 silly addNameRange     '1.9.0',
90 silly addNameRange     '2.0.0',
90 silly addNameRange     '2.0.1',
90 silly addNameRange     '2.0.2',
90 silly addNameRange     '2.0.3',
90 silly addNameRange     '2.0.4',
90 silly addNameRange     '2.0.5',
90 silly addNameRange     '2.0.6',
90 silly addNameRange     '2.0.7',
90 silly addNameRange     '2.0.8',
90 silly addNameRange     '2.0.9',
90 silly addNameRange     '2.1.0',
90 silly addNameRange     '2.2.0',
90 silly addNameRange     '2.2.1',
90 silly addNameRange     '2.3.0',
90 silly addNameRange     '2.3.1',
90 silly addNameRange     '2.3.2',
90 silly addNameRange     '2.3.3',
90 silly addNameRange     '2.3.4',
90 silly addNameRange     '2.3.5',
90 silly addNameRange     '2.4.0',
90 silly addNameRange     '2.5.0',
90 silly addNameRange     '2.5.1' ] ]
91 silly addNamed nan@2.5.1
92 verbose addNamed "2.5.1" is a plain semver version for nan
93 silly mapToRegistry name nan
94 silly mapToRegistry using default registry
95 silly mapToRegistry registry https://registry.npmjs.org/
96 silly mapToRegistry data Result {
96 silly mapToRegistry   raw: 'nan',
96 silly mapToRegistry   scope: null,
96 silly mapToRegistry   escapedName: 'nan',
96 silly mapToRegistry   name: 'nan',
96 silly mapToRegistry   rawSpec: '',
96 silly mapToRegistry   spec: 'latest',
96 silly mapToRegistry   type: 'tag' }
97 silly mapToRegistry uri https://registry.npmjs.org/nan
98 verbose addRemoteTarball https://registry.npmjs.org/nan/-/nan-2.5.1.tgz not in flight; adding
99 verbose addRemoteTarball [ 'https://registry.npmjs.org/nan/-/nan-2.5.1.tgz',
99 verbose addRemoteTarball   'd5b01691253326a97a2bbee9e61c55d8d60351e2' ]
100 info retry fetch attempt 1 at 15:23:28
101 info attempt registry request try #1 at 15:23:28
102 http fetch GET https://registry.npmjs.org/nan/-/nan-2.5.1.tgz
103 http fetch 200 https://registry.npmjs.org/nan/-/nan-2.5.1.tgz
104 silly fetchAndShaCheck shasum d5b01691253326a97a2bbee9e61c55d8d60351e2
105 verbose addTmpTarball C:\cygwin64\tmp\npm-8004-4c1ce5be\registry.npmjs.org\nan\-\nan-2.5.1.tgz not in flight; adding
106 verbose addTmpTarball already have metadata; skipping unpack for nan@2.5.1
107 verbose correctMkdir C:\Users\140702\AppData\Roaming\npm-cache correctMkdir not in flight; initializing
108 silly cache afterAdd nan@2.5.1
109 verbose afterAdd C:\Users\140702\AppData\Roaming\npm-cache\nan\2.5.1\package\package.json not in flight; writing
110 verbose correctMkdir C:\Users\140702\AppData\Roaming\npm-cache correctMkdir not in flight; initializing
111 verbose afterAdd C:\Users\140702\AppData\Roaming\npm-cache\nan\2.5.1\package\package.json written
112 silly loadAllDepsIntoIdealTree Finishing
113 silly loadIdealTree Finishing
114 silly currentTree Youtube-Discourse
114 silly currentTree +-- accepts@1.3.3
114 silly currentTree +-- ansi-regex@2.0.0
114 silly currentTree +-- ansi-styles@2.2.1
114 silly currentTree +-- argparse@1.0.9
114 silly currentTree +-- array-flatten@1.1.1
114 silly currentTree +-- asn1@0.2.3
114 silly currentTree +-- assert-plus@0.2.0
114 silly currentTree +-- async@1.5.2
114 silly currentTree +-- asynckit@0.4.0
114 silly currentTree +-- aws-sign2@0.6.0
114 silly currentTree +-- aws4@1.5.0
114 silly currentTree +-- balanced-match@0.4.2
114 silly currentTree +-- base64url@1.0.6
114 silly currentTree +-- bcrypt-pbkdf@1.0.0
114 silly currentTree +-- bl@1.1.2
114 silly currentTree | `-- readable-stream@2.0.6
114 silly currentTree +-- body-parser@1.15.2
114 silly currentTree | `-- qs@6.2.0
114 silly currentTree +-- boolbase@1.0.0
114 silly currentTree +-- boom@2.10.1
114 silly currentTree +-- brace-expansion@1.1.6
114 silly currentTree +-- buffer-equal-constant-time@1.0.1
114 silly currentTree +-- buffer-shims@1.0.0
114 silly currentTree +-- bytes@2.4.0
114 silly currentTree +-- camelcase-keys@1.0.0
114 silly currentTree +-- camelcase@1.2.1
114 silly currentTree +-- caseless@0.11.0
114 silly currentTree +-- chalk@1.1.3
114 silly currentTree +-- cheerio@0.22.0
114 silly currentTree +-- colors@1.0.3
114 silly currentTree +-- combined-stream@1.0.5
114 silly currentTree +-- commander@2.9.0
114 silly currentTree +-- concat-map@0.0.1
114 silly currentTree +-- concat-stream@1.4.10
114 silly currentTree | +-- isarray@0.0.1
114 silly currentTree | `-- readable-stream@1.1.14
114 silly currentTree +-- content-disposition@0.5.1
114 silly currentTree +-- content-type@1.0.2
114 silly currentTree +-- cookie-signature@1.0.6
114 silly currentTree +-- cookie@0.3.1
114 silly currentTree +-- core-util-is@1.0.2
114 silly currentTree +-- cryptiles@2.0.5
114 silly currentTree +-- css-select@1.2.0
114 silly currentTree +-- css-what@2.1.0
114 silly currentTree +-- ctype@0.5.3
114 silly currentTree +-- cycle@1.0.3
114 silly currentTree +-- dashdash@1.14.1
114 silly currentTree | `-- assert-plus@1.0.0
114 silly currentTree +-- debug@2.2.0
114 silly currentTree +-- deep-equal@1.0.1
114 silly currentTree +-- delayed-stream@1.0.0
114 silly currentTree +-- depd@1.1.0
114 silly currentTree +-- destroy@1.0.4
114 silly currentTree +-- dom-serializer@0.1.0
114 silly currentTree | `-- domelementtype@1.1.3
114 silly currentTree +-- domelementtype@1.3.0
114 silly currentTree +-- domhandler@2.3.0
114 silly currentTree +-- domutils@1.5.1
114 silly currentTree +-- ecc-jsbn@0.1.1
114 silly currentTree +-- ecdsa-sig-formatter@1.0.9
114 silly currentTree | `-- base64url@2.0.0
114 silly currentTree +-- ee-first@1.1.1
114 silly currentTree +-- encodeurl@1.0.1
114 silly currentTree +-- entities@1.1.1
114 silly currentTree +-- escape-html@1.0.3
114 silly currentTree +-- escape-string-regexp@1.0.5
114 silly currentTree +-- esprima@2.7.3
114 silly currentTree +-- etag@1.7.0
114 silly currentTree +-- express@4.14.0
114 silly currentTree | `-- qs@6.2.0
114 silly currentTree +-- extend@3.0.0
114 silly currentTree +-- extsprintf@1.0.2
114 silly currentTree +-- eyes@0.1.8
114 silly currentTree +-- finalhandler@0.5.0
114 silly currentTree +-- forever-agent@0.6.1
114 silly currentTree +-- form-data@2.1.2
114 silly currentTree +-- forwarded@0.1.0
114 silly currentTree +-- fresh@0.3.0
114 silly currentTree +-- fs.realpath@1.0.0
114 silly currentTree +-- gapitoken@0.1.5
114 silly currentTree +-- generate-function@2.0.0
114 silly currentTree +-- generate-object-property@1.2.0
114 silly currentTree +-- get-stdin@4.0.1
114 silly currentTree +-- getpass@0.1.6
114 silly currentTree | `-- assert-plus@1.0.0
114 silly currentTree +-- glob@7.1.1
114 silly currentTree +-- google-auth-library@0.9.10
114 silly currentTree | +-- async@1.4.2
114 silly currentTree | +-- form-data@1.0.1
114 silly currentTree | | `-- async@2.1.4
114 silly currentTree | +-- node-uuid@1.4.7
114 silly currentTree | +-- qs@6.2.1
114 silly currentTree | +-- request@2.74.0
114 silly currentTree | `-- string-template@0.2.1
114 silly currentTree +-- google-p12-pem@0.1.1
114 silly currentTree +-- googleapis@5.2.1
114 silly currentTree | +-- form-data@1.0.1
114 silly currentTree | | `-- async@2.1.4
114 silly currentTree | +-- node-uuid@1.4.7
114 silly currentTree | +-- qs@6.1.0
114 silly currentTree | +-- request@2.72.0
114 silly currentTree | `-- tough-cookie@2.2.2
114 silly currentTree +-- graceful-readlink@1.0.1
114 silly currentTree +-- gtoken@1.2.1
114 silly currentTree +-- har-validator@2.0.6
114 silly currentTree +-- has-ansi@2.0.0
114 silly currentTree +-- hawk@3.1.3
114 silly currentTree +-- hoek@2.16.3
114 silly currentTree +-- htmlparser2@3.9.2
114 silly currentTree +-- http-errors@1.5.1
114 silly currentTree +-- http-signature@1.1.1
114 silly currentTree +-- i@0.3.5
114 silly currentTree +-- iconv-lite@0.4.13
114 silly currentTree +-- indent-string@1.2.2
114 silly currentTree +-- inflight@1.0.6
114 silly currentTree +-- inherits@2.0.3
114 silly currentTree +-- ipaddr.js@1.1.1
114 silly currentTree +-- is-finite@1.0.2
114 silly currentTree +-- is-my-json-valid@2.15.0
114 silly currentTree +-- is-property@1.0.2
114 silly currentTree +-- is-typedarray@1.0.0
114 silly currentTree +-- isarray@1.0.0
114 silly currentTree +-- isstream@0.1.2
114 silly currentTree +-- jodid25519@1.0.2
114 silly currentTree +-- js-yaml@3.7.0
114 silly currentTree +-- jsbn@0.1.0
114 silly currentTree +-- json-schema@0.2.3
114 silly currentTree +-- json-stringify-safe@5.0.1
114 silly currentTree +-- json2yaml@1.1.0
114 silly currentTree +-- jsonpointer@4.0.0
114 silly currentTree +-- jsprim@1.3.1
114 silly currentTree +-- jwa@1.0.2
114 silly currentTree | `-- base64url@0.0.6
114 silly currentTree +-- jws@3.0.0
114 silly currentTree +-- lodash.assignin@4.2.0
114 silly currentTree +-- lodash.bind@4.2.1
114 silly currentTree +-- lodash.defaults@4.2.0
114 silly currentTree +-- lodash.filter@4.6.0
114 silly currentTree +-- lodash.flatten@4.4.0
114 silly currentTree +-- lodash.foreach@4.5.0
114 silly currentTree +-- lodash.map@4.6.0
114 silly currentTree +-- lodash.merge@4.6.0
114 silly currentTree +-- lodash.noop@3.0.1
114 silly currentTree +-- lodash.pick@4.4.0
114 silly currentTree +-- lodash.reduce@4.6.0
114 silly currentTree +-- lodash.reject@4.6.0
114 silly currentTree +-- lodash.some@4.6.0
114 silly currentTree +-- lodash@4.17.2
114 silly currentTree +-- map-obj@1.0.1
114 silly currentTree +-- media-typer@0.3.0
114 silly currentTree +-- meow@2.0.0
114 silly currentTree +-- merge-descriptors@1.0.1
114 silly currentTree +-- methods@1.1.2
114 silly currentTree +-- mime-db@1.25.0
114 silly currentTree +-- mime-types@2.1.13
114 silly currentTree +-- mime@1.3.4
114 silly currentTree +-- minimatch@3.0.3
114 silly currentTree +-- minimist@1.2.0
114 silly currentTree +-- mkdirp@0.5.1
114 silly currentTree | `-- minimist@0.0.8
114 silly currentTree +-- ms@0.7.1
114 silly currentTree +-- mute-stream@0.0.6
114 silly currentTree +-- ncp@0.4.2
114 silly currentTree +-- negotiator@0.6.1
114 silly currentTree +-- node-forge@0.6.46
114 silly currentTree +-- nth-check@1.0.1
114 silly currentTree +-- number-is-nan@1.0.1
114 silly currentTree +-- oauth-sign@0.8.2
114 silly currentTree +-- object-assign@1.0.0
114 silly currentTree +-- on-finished@2.3.0
114 silly currentTree +-- once@1.4.0
114 silly currentTree +-- parseurl@1.3.1
114 silly currentTree +-- path-is-absolute@1.0.1
114 silly currentTree +-- path-to-regexp@0.1.7
114 silly currentTree +-- pinkie-promise@2.0.1
114 silly currentTree +-- pinkie@2.0.4
114 silly currentTree +-- pkginfo@0.4.0
114 silly currentTree +-- process-nextick-args@1.0.7
114 silly currentTree +-- prompt@0.2.14
114 silly currentTree +-- proxy-addr@1.1.2
114 silly currentTree +-- punycode@1.4.1
114 silly currentTree +-- qs@6.3.0
114 silly currentTree +-- querystring@0.2.0
114 silly currentTree +-- range-parser@1.2.0
114 silly currentTree +-- raw-body@2.1.7
114 silly currentTree +-- read@1.0.7
114 silly currentTree +-- readable-stream@2.2.2
114 silly currentTree +-- remedial@1.0.7
114 silly currentTree +-- repeating@1.1.3
114 silly currentTree +-- request@2.79.0
114 silly currentTree +-- revalidator@0.1.8
114 silly currentTree +-- rimraf@2.5.4
114 silly currentTree +-- safe-buffer@5.0.1
114 silly currentTree +-- send@0.14.1
114 silly currentTree +-- serve-static@1.11.1
114 silly currentTree +-- setprototypeof@1.0.2
114 silly currentTree +-- sntp@1.0.9
114 silly currentTree +-- sprintf-js@1.0.3
114 silly currentTree +-- sshpk@1.10.1
114 silly currentTree | `-- assert-plus@1.0.0
114 silly currentTree +-- stack-trace@0.0.9
114 silly currentTree +-- statuses@1.3.1
114 silly currentTree +-- string_decoder@0.10.31
114 silly currentTree +-- string-template@1.0.0
114 silly currentTree +-- stringstream@0.0.5
114 silly currentTree +-- strip-ansi@3.0.1
114 silly currentTree +-- supports-color@2.0.0
114 silly currentTree +-- tough-cookie@2.3.2
114 silly currentTree +-- tunnel-agent@0.4.3
114 silly currentTree +-- tweetnacl@0.14.4
114 silly currentTree +-- type-is@1.6.14
114 silly currentTree +-- typedarray@0.0.6
114 silly currentTree +-- unpipe@1.0.0
114 silly currentTree +-- url@0.11.0
114 silly currentTree | `-- punycode@1.3.2
114 silly currentTree +-- util-deprecate@1.0.2
114 silly currentTree +-- utile@0.2.1
114 silly currentTree | `-- async@0.2.10
114 silly currentTree +-- utils-merge@1.0.0
114 silly currentTree +-- uuid@3.0.1
114 silly currentTree +-- vary@1.1.0
114 silly currentTree +-- verror@1.3.6
114 silly currentTree +-- winston@0.8.3
114 silly currentTree | +-- async@0.2.10
114 silly currentTree | +-- colors@0.6.2
114 silly currentTree | `-- pkginfo@0.3.1
114 silly currentTree +-- wrappy@1.0.2
114 silly currentTree +-- xtend@4.0.1
114 silly currentTree +-- yamljs@0.2.8
114 silly currentTree +-- youtube-api@2.0.4
114 silly currentTree `-- youtube-node@1.3.0
114 silly currentTree   +-- asn1@0.1.11
114 silly currentTree   +-- assert-plus@0.1.5
114 silly currentTree   +-- async@0.9.2
114 silly currentTree   +-- aws-sign2@0.5.0
114 silly currentTree   +-- bl@0.9.5
114 silly currentTree   +-- caseless@0.9.0
114 silly currentTree   +-- combined-stream@0.0.7
114 silly currentTree   +-- delayed-stream@0.0.5
114 silly currentTree   +-- forever-agent@0.5.2
114 silly currentTree   +-- form-data@0.2.0
114 silly currentTree   +-- hawk@2.3.1
114 silly currentTree   +-- http-signature@0.10.1
114 silly currentTree   +-- isarray@0.0.1
114 silly currentTree   +-- mime-db@1.12.0
114 silly currentTree   +-- mime-types@2.0.14
114 silly currentTree   +-- node-uuid@1.4.7
114 silly currentTree   +-- oauth-sign@0.6.0
114 silly currentTree   +-- qs@2.3.3
114 silly currentTree   +-- readable-stream@1.0.34
114 silly currentTree   `-- request@2.53.0
115 silly idealTree Youtube-Discourse
115 silly idealTree +-- accepts@1.3.3
115 silly idealTree +-- ansi-regex@2.0.0
115 silly idealTree +-- ansi-styles@2.2.1
115 silly idealTree +-- argparse@1.0.9
115 silly idealTree +-- array-flatten@1.1.1
115 silly idealTree +-- asn1@0.2.3
115 silly idealTree +-- assert-plus@0.2.0
115 silly idealTree +-- async@1.5.2
115 silly idealTree +-- asynckit@0.4.0
115 silly idealTree +-- aws-sign2@0.6.0
115 silly idealTree +-- aws4@1.5.0
115 silly idealTree +-- balanced-match@0.4.2
115 silly idealTree +-- base64url@1.0.6
115 silly idealTree +-- bcrypt-pbkdf@1.0.0
115 silly idealTree +-- bl@1.1.2
115 silly idealTree | `-- readable-stream@2.0.6
115 silly idealTree +-- body-parser@1.15.2
115 silly idealTree | `-- qs@6.2.0
115 silly idealTree +-- boolbase@1.0.0
115 silly idealTree +-- boom@2.10.1
115 silly idealTree +-- brace-expansion@1.1.6
115 silly idealTree +-- buffer-equal-constant-time@1.0.1
115 silly idealTree +-- buffer-shims@1.0.0
115 silly idealTree +-- bytes@2.4.0
115 silly idealTree +-- camelcase-keys@1.0.0
115 silly idealTree +-- camelcase@1.2.1
115 silly idealTree +-- caseless@0.11.0
115 silly idealTree +-- chalk@1.1.3
115 silly idealTree +-- cheerio@0.22.0
115 silly idealTree +-- colors@1.0.3
115 silly idealTree +-- combined-stream@1.0.5
115 silly idealTree +-- commander@2.9.0
115 silly idealTree +-- concat-map@0.0.1
115 silly idealTree +-- concat-stream@1.4.10
115 silly idealTree | +-- isarray@0.0.1
115 silly idealTree | `-- readable-stream@1.1.14
115 silly idealTree +-- content-disposition@0.5.1
115 silly idealTree +-- content-type@1.0.2
115 silly idealTree +-- cookie-signature@1.0.6
115 silly idealTree +-- cookie@0.3.1
115 silly idealTree +-- core-util-is@1.0.2
115 silly idealTree +-- cryptiles@2.0.5
115 silly idealTree +-- css-select@1.2.0
115 silly idealTree +-- css-what@2.1.0
115 silly idealTree +-- ctype@0.5.3
115 silly idealTree +-- cycle@1.0.3
115 silly idealTree +-- dashdash@1.14.1
115 silly idealTree | `-- assert-plus@1.0.0
115 silly idealTree +-- debug@2.2.0
115 silly idealTree +-- deep-equal@1.0.1
115 silly idealTree +-- delayed-stream@1.0.0
115 silly idealTree +-- depd@1.1.0
115 silly idealTree +-- destroy@1.0.4
115 silly idealTree +-- dom-serializer@0.1.0
115 silly idealTree | `-- domelementtype@1.1.3
115 silly idealTree +-- domelementtype@1.3.0
115 silly idealTree +-- domhandler@2.3.0
115 silly idealTree +-- domutils@1.5.1
115 silly idealTree +-- ecc-jsbn@0.1.1
115 silly idealTree +-- ecdsa-sig-formatter@1.0.9
115 silly idealTree | `-- base64url@2.0.0
115 silly idealTree +-- ee-first@1.1.1
115 silly idealTree +-- encodeurl@1.0.1
115 silly idealTree +-- entities@1.1.1
115 silly idealTree +-- escape-html@1.0.3
115 silly idealTree +-- escape-string-regexp@1.0.5
115 silly idealTree +-- esprima@2.7.3
115 silly idealTree +-- etag@1.7.0
115 silly idealTree +-- express@4.14.0
115 silly idealTree | `-- qs@6.2.0
115 silly idealTree +-- extend@3.0.0
115 silly idealTree +-- extsprintf@1.0.2
115 silly idealTree +-- eyes@0.1.8
115 silly idealTree +-- finalhandler@0.5.0
115 silly idealTree +-- forever-agent@0.6.1
115 silly idealTree +-- form-data@2.1.2
115 silly idealTree +-- forwarded@0.1.0
115 silly idealTree +-- fresh@0.3.0
115 silly idealTree +-- fs.realpath@1.0.0
115 silly idealTree +-- gapitoken@0.1.5
115 silly idealTree +-- generate-function@2.0.0
115 silly idealTree +-- generate-object-property@1.2.0
115 silly idealTree +-- get-stdin@4.0.1
115 silly idealTree +-- getpass@0.1.6
115 silly idealTree | `-- assert-plus@1.0.0
115 silly idealTree +-- glob@7.1.1
115 silly idealTree +-- google-auth-library@0.9.10
115 silly idealTree | +-- async@1.4.2
115 silly idealTree | +-- form-data@1.0.1
115 silly idealTree | | `-- async@2.1.4
115 silly idealTree | +-- node-uuid@1.4.7
115 silly idealTree | +-- qs@6.2.1
115 silly idealTree | +-- request@2.74.0
115 silly idealTree | `-- string-template@0.2.1
115 silly idealTree +-- google-p12-pem@0.1.1
115 silly idealTree +-- googleapis@5.2.1
115 silly idealTree | +-- form-data@1.0.1
115 silly idealTree | | `-- async@2.1.4
115 silly idealTree | +-- node-uuid@1.4.7
115 silly idealTree | +-- qs@6.1.0
115 silly idealTree | +-- request@2.72.0
115 silly idealTree | `-- tough-cookie@2.2.2
115 silly idealTree +-- graceful-readlink@1.0.1
115 silly idealTree +-- gtoken@1.2.1
115 silly idealTree +-- har-validator@2.0.6
115 silly idealTree +-- has-ansi@2.0.0
115 silly idealTree +-- hawk@3.1.3
115 silly idealTree +-- hoek@2.16.3
115 silly idealTree +-- htmlparser2@3.9.2
115 silly idealTree +-- http-errors@1.5.1
115 silly idealTree +-- http-signature@1.1.1
115 silly idealTree +-- i@0.3.5
115 silly idealTree +-- iconv-lite@0.4.13
115 silly idealTree +-- indent-string@1.2.2
115 silly idealTree +-- inflight@1.0.6
115 silly idealTree +-- inherits@2.0.3
115 silly idealTree +-- ipaddr.js@1.1.1
115 silly idealTree +-- is-finite@1.0.2
115 silly idealTree +-- is-my-json-valid@2.15.0
115 silly idealTree +-- is-property@1.0.2
115 silly idealTree +-- is-typedarray@1.0.0
115 silly idealTree +-- isarray@1.0.0
115 silly idealTree +-- isstream@0.1.2
115 silly idealTree +-- jodid25519@1.0.2
115 silly idealTree +-- js-yaml@3.7.0
115 silly idealTree +-- jsbn@0.1.0
115 silly idealTree +-- json-schema@0.2.3
115 silly idealTree +-- json-stringify-safe@5.0.1
115 silly idealTree +-- json2yaml@1.1.0
115 silly idealTree +-- jsonpointer@4.0.0
115 silly idealTree +-- jsprim@1.3.1
115 silly idealTree +-- jwa@1.0.2
115 silly idealTree | `-- base64url@0.0.6
115 silly idealTree +-- jws@3.0.0
115 silly idealTree +-- lodash.assignin@4.2.0
115 silly idealTree +-- lodash.bind@4.2.1
115 silly idealTree +-- lodash.defaults@4.2.0
115 silly idealTree +-- lodash.filter@4.6.0
115 silly idealTree +-- lodash.flatten@4.4.0
115 silly idealTree +-- lodash.foreach@4.5.0
115 silly idealTree +-- lodash.map@4.6.0
115 silly idealTree +-- lodash.merge@4.6.0
115 silly idealTree +-- lodash.noop@3.0.1
115 silly idealTree +-- lodash.pick@4.4.0
115 silly idealTree +-- lodash.reduce@4.6.0
115 silly idealTree +-- lodash.reject@4.6.0
115 silly idealTree +-- lodash.some@4.6.0
115 silly idealTree +-- lodash@4.17.2
115 silly idealTree +-- map-obj@1.0.1
115 silly idealTree +-- media-typer@0.3.0
115 silly idealTree +-- meow@2.0.0
115 silly idealTree +-- merge-descriptors@1.0.1
115 silly idealTree +-- methods@1.1.2
115 silly idealTree +-- mime-db@1.25.0
115 silly idealTree +-- mime-types@2.1.13
115 silly idealTree +-- mime@1.3.4
115 silly idealTree +-- minimatch@3.0.3
115 silly idealTree +-- minimist@1.2.0
115 silly idealTree +-- mkdirp@0.5.1
115 silly idealTree | `-- minimist@0.0.8
115 silly idealTree +-- ms@0.7.1
115 silly idealTree +-- mute-stream@0.0.6
115 silly idealTree +-- nan@2.5.1
115 silly idealTree +-- ncp@0.4.2
115 silly idealTree +-- negotiator@0.6.1
115 silly idealTree +-- node-forge@0.6.46
115 silly idealTree +-- nth-check@1.0.1
115 silly idealTree +-- number-is-nan@1.0.1
115 silly idealTree +-- oauth-sign@0.8.2
115 silly idealTree +-- object-assign@1.0.0
115 silly idealTree +-- on-finished@2.3.0
115 silly idealTree +-- once@1.4.0
115 silly idealTree +-- parseurl@1.3.1
115 silly idealTree +-- path-is-absolute@1.0.1
115 silly idealTree +-- path-to-regexp@0.1.7
115 silly idealTree +-- pinkie-promise@2.0.1
115 silly idealTree +-- pinkie@2.0.4
115 silly idealTree +-- pkginfo@0.4.0
115 silly idealTree +-- process-nextick-args@1.0.7
115 silly idealTree +-- prompt@0.2.14
115 silly idealTree +-- proxy-addr@1.1.2
115 silly idealTree +-- punycode@1.4.1
115 silly idealTree +-- qs@6.3.0
115 silly idealTree +-- querystring@0.2.0
115 silly idealTree +-- range-parser@1.2.0
115 silly idealTree +-- raw-body@2.1.7
115 silly idealTree +-- read@1.0.7
115 silly idealTree +-- readable-stream@2.2.2
115 silly idealTree +-- remedial@1.0.7
115 silly idealTree +-- repeating@1.1.3
115 silly idealTree +-- request@2.79.0
115 silly idealTree +-- revalidator@0.1.8
115 silly idealTree +-- rimraf@2.5.4
115 silly idealTree +-- safe-buffer@5.0.1
115 silly idealTree +-- send@0.14.1
115 silly idealTree +-- serve-static@1.11.1
115 silly idealTree +-- setprototypeof@1.0.2
115 silly idealTree +-- sleep@5.1.0
115 silly idealTree +-- sntp@1.0.9
115 silly idealTree +-- sprintf-js@1.0.3
115 silly idealTree +-- sshpk@1.10.1
115 silly idealTree | `-- assert-plus@1.0.0
115 silly idealTree +-- stack-trace@0.0.9
115 silly idealTree +-- statuses@1.3.1
115 silly idealTree +-- string_decoder@0.10.31
115 silly idealTree +-- string-template@1.0.0
115 silly idealTree +-- stringstream@0.0.5
115 silly idealTree +-- strip-ansi@3.0.1
115 silly idealTree +-- supports-color@2.0.0
115 silly idealTree +-- tough-cookie@2.3.2
115 silly idealTree +-- tunnel-agent@0.4.3
115 silly idealTree +-- tweetnacl@0.14.4
115 silly idealTree +-- type-is@1.6.14
115 silly idealTree +-- typedarray@0.0.6
115 silly idealTree +-- unpipe@1.0.0
115 silly idealTree +-- url@0.11.0
115 silly idealTree | `-- punycode@1.3.2
115 silly idealTree +-- util-deprecate@1.0.2
115 silly idealTree +-- utile@0.2.1
115 silly idealTree | `-- async@0.2.10
115 silly idealTree +-- utils-merge@1.0.0
115 silly idealTree +-- uuid@3.0.1
115 silly idealTree +-- vary@1.1.0
115 silly idealTree +-- verror@1.3.6
115 silly idealTree +-- winston@0.8.3
115 silly idealTree | +-- async@0.2.10
115 silly idealTree | +-- colors@0.6.2
115 silly idealTree | `-- pkginfo@0.3.1
115 silly idealTree +-- wrappy@1.0.2
115 silly idealTree +-- xtend@4.0.1
115 silly idealTree +-- yamljs@0.2.8
115 silly idealTree +-- youtube-api@2.0.4
115 silly idealTree `-- youtube-node@1.3.0
115 silly idealTree   +-- asn1@0.1.11
115 silly idealTree   +-- assert-plus@0.1.5
115 silly idealTree   +-- async@0.9.2
115 silly idealTree   +-- aws-sign2@0.5.0
115 silly idealTree   +-- bl@0.9.5
115 silly idealTree   +-- caseless@0.9.0
115 silly idealTree   +-- combined-stream@0.0.7
115 silly idealTree   +-- delayed-stream@0.0.5
115 silly idealTree   +-- forever-agent@0.5.2
115 silly idealTree   +-- form-data@0.2.0
115 silly idealTree   +-- hawk@2.3.1
115 silly idealTree   +-- http-signature@0.10.1
115 silly idealTree   +-- isarray@0.0.1
115 silly idealTree   +-- mime-db@1.12.0
115 silly idealTree   +-- mime-types@2.0.14
115 silly idealTree   +-- node-uuid@1.4.7
115 silly idealTree   +-- oauth-sign@0.6.0
115 silly idealTree   +-- qs@2.3.3
115 silly idealTree   +-- readable-stream@1.0.34
115 silly idealTree   `-- request@2.53.0
116 silly generateActionsToTake Starting
117 silly install generateActionsToTake
118 silly generateActionsToTake Finishing
119 silly diffTrees action count 2
120 silly diffTrees add nan@2.5.1
121 silly diffTrees add sleep@5.1.0
122 silly decomposeActions action count 16
123 silly decomposeActions fetch nan@2.5.1
124 silly decomposeActions extract nan@2.5.1
125 silly decomposeActions test nan@2.5.1
126 silly decomposeActions preinstall nan@2.5.1
127 silly decomposeActions build nan@2.5.1
128 silly decomposeActions install nan@2.5.1
129 silly decomposeActions postinstall nan@2.5.1
130 silly decomposeActions finalize nan@2.5.1
131 silly decomposeActions fetch sleep@5.1.0
132 silly decomposeActions extract sleep@5.1.0
133 silly decomposeActions test sleep@5.1.0
134 silly decomposeActions preinstall sleep@5.1.0
135 silly decomposeActions build sleep@5.1.0
136 silly decomposeActions install sleep@5.1.0
137 silly decomposeActions postinstall sleep@5.1.0
138 silly decomposeActions finalize sleep@5.1.0
139 silly runTopLevelLifecycles Starting
140 silly executeActions Starting
141 silly install executeActions
142 silly doSerial global-install 0
143 silly doParallel fetch 2
144 verbose correctMkdir C:\Users\140702\AppData\Roaming\npm-cache\_locks correctMkdir not in flight; initializing
145 verbose lock using C:\Users\140702\AppData\Roaming\npm-cache\_locks\staging-dceccd86b05b5c02.lock for C:\cygwin64\home\140702\pdis-bot\Youtube-Discourse\node_modules\.staging
146 silly doParallel extract 2
147 silly extract nan@2.5.1
148 silly extract sleep@5.1.0
149 verbose unbuild node_modules\.staging\nan-b47752b2
150 verbose unbuild node_modules\.staging\sleep-87aab106
151 silly gentlyRm C:\cygwin64\home\140702\pdis-bot\Youtube-Discourse\node_modules\.staging\nan-b47752b2 is being purged from base C:\cygwin64\home\140702\pdis-bot\Youtube-Discourse
152 verbose gentlyRm don't care about contents; nuking C:\cygwin64\home\140702\pdis-bot\Youtube-Discourse\node_modules\.staging\nan-b47752b2
153 silly gentlyRm C:\cygwin64\home\140702\pdis-bot\Youtube-Discourse\node_modules\.staging\sleep-87aab106 is being purged from base C:\cygwin64\home\140702\pdis-bot\Youtube-Discourse
154 verbose gentlyRm don't care about contents; nuking C:\cygwin64\home\140702\pdis-bot\Youtube-Discourse\node_modules\.staging\sleep-87aab106
155 verbose tar unpack C:\Users\140702\AppData\Roaming\npm-cache\nan\2.5.1\package.tgz
156 verbose tar unpacking to C:\cygwin64\home\140702\pdis-bot\Youtube-Discourse\node_modules\.staging\nan-b47752b2
157 silly gentlyRm C:\cygwin64\home\140702\pdis-bot\Youtube-Discourse\node_modules\.staging\nan-b47752b2 is being purged
158 verbose gentlyRm don't care about contents; nuking C:\cygwin64\home\140702\pdis-bot\Youtube-Discourse\node_modules\.staging\nan-b47752b2
159 verbose tar unpack C:\Users\140702\AppData\Roaming\npm-cache\sleep\5.1.0\package.tgz
160 verbose tar unpacking to C:\cygwin64\home\140702\pdis-bot\Youtube-Discourse\node_modules\.staging\sleep-87aab106
161 silly gentlyRm C:\cygwin64\home\140702\pdis-bot\Youtube-Discourse\node_modules\.staging\sleep-87aab106 is being purged
162 verbose gentlyRm don't care about contents; nuking C:\cygwin64\home\140702\pdis-bot\Youtube-Discourse\node_modules\.staging\sleep-87aab106
163 silly gunzTarPerm modes [ '777', '666' ]
164 silly gunzTarPerm modes [ '777', '666' ]
165 silly gunzTarPerm extractEntry package.json
166 silly gunzTarPerm modified mode [ 'package.json', 436, 438 ]
167 silly gunzTarPerm extractEntry package.json
168 silly gunzTarPerm modified mode [ 'package.json', 436, 438 ]
169 silly gunzTarPerm extractEntry README.md
170 silly gunzTarPerm modified mode [ 'README.md', 436, 438 ]
171 silly gunzTarPerm extractEntry .npmignore
172 silly gunzTarPerm modified mode [ '.npmignore', 436, 438 ]
173 silly gunzTarPerm extractEntry README.md
174 silly gunzTarPerm modified mode [ 'README.md', 436, 438 ]
175 silly gunzTarPerm extractEntry include_dirs.js
176 silly gunzTarPerm modified mode [ 'include_dirs.js', 436, 438 ]
177 silly gunzTarPerm extractEntry nan_converters.h
178 silly gunzTarPerm modified mode [ 'nan_converters.h', 436, 438 ]
179 silly gunzTarPerm extractEntry CHANGELOG.md
180 silly gunzTarPerm modified mode [ 'CHANGELOG.md', 436, 438 ]
181 silly gunzTarPerm extractEntry LICENSE.md
182 silly gunzTarPerm modified mode [ 'LICENSE.md', 436, 438 ]
183 silly gunzTarPerm extractEntry test.js
184 silly gunzTarPerm modified mode [ 'test.js', 436, 438 ]
185 silly gunzTarPerm extractEntry index.js
186 silly gunzTarPerm modified mode [ 'index.js', 436, 438 ]
187 silly gunzTarPerm extractEntry doc/node_misc.md
188 silly gunzTarPerm modified mode [ 'doc/node_misc.md', 436, 438 ]
189 silly gunzTarPerm extractEntry LICENSE.txt
190 silly gunzTarPerm modified mode [ 'LICENSE.txt', 436, 438 ]
191 silly gunzTarPerm extractEntry sleep.cc
192 silly gunzTarPerm modified mode [ 'sleep.cc', 436, 438 ]
193 silly gunzTarPerm extractEntry doc/asyncworker.md
194 silly gunzTarPerm modified mode [ 'doc/asyncworker.md', 436, 438 ]
195 silly gunzTarPerm extractEntry doc/callback.md
196 silly gunzTarPerm modified mode [ 'doc/callback.md', 436, 438 ]
197 silly gunzTarPerm extractEntry binding.gyp
198 silly gunzTarPerm modified mode [ 'binding.gyp', 436, 438 ]
199 silly gunzTarPerm extractEntry doc/converters.md
200 silly gunzTarPerm modified mode [ 'doc/converters.md', 436, 438 ]
201 silly gunzTarPerm extractEntry doc/errors.md
202 silly gunzTarPerm modified mode [ 'doc/errors.md', 436, 438 ]
203 silly gunzTarPerm extractEntry doc/maybe_types.md
204 silly gunzTarPerm modified mode [ 'doc/maybe_types.md', 436, 438 ]
205 silly gunzTarPerm extractEntry doc/methods.md
206 silly gunzTarPerm modified mode [ 'doc/methods.md', 436, 438 ]
207 silly gunzTarPerm extractEntry doc/new.md
208 silly gunzTarPerm modified mode [ 'doc/new.md', 436, 438 ]
209 silly gunzTarPerm extractEntry doc/buffers.md
210 silly gunzTarPerm modified mode [ 'doc/buffers.md', 436, 438 ]
211 silly gunzTarPerm extractEntry doc/object_wrappers.md
212 silly gunzTarPerm modified mode [ 'doc/object_wrappers.md', 436, 438 ]
213 silly gunzTarPerm extractEntry doc/persistent.md
214 silly gunzTarPerm modified mode [ 'doc/persistent.md', 436, 438 ]
215 silly gunzTarPerm extractEntry doc/scopes.md
216 silly gunzTarPerm modified mode [ 'doc/scopes.md', 436, 438 ]
217 silly gunzTarPerm extractEntry doc/script.md
218 silly gunzTarPerm modified mode [ 'doc/script.md', 436, 438 ]
219 silly gunzTarPerm extractEntry doc/string_bytes.md
220 silly gunzTarPerm modified mode [ 'doc/string_bytes.md', 436, 438 ]
221 silly gunzTarPerm extractEntry doc/v8_internals.md
222 silly gunzTarPerm modified mode [ 'doc/v8_internals.md', 436, 438 ]
223 silly gunzTarPerm extractEntry doc/v8_misc.md
224 silly gunzTarPerm modified mode [ 'doc/v8_misc.md', 436, 438 ]
225 silly gentlyRm C:\cygwin64\home\140702\pdis-bot\Youtube-Discourse\node_modules\.staging\sleep-87aab106\node_modules is being purged
226 verbose gentlyRm don't care about contents; nuking C:\cygwin64\home\140702\pdis-bot\Youtube-Discourse\node_modules\.staging\sleep-87aab106\node_modules
227 silly gunzTarPerm extractEntry nan.h
228 silly gunzTarPerm modified mode [ 'nan.h', 436, 438 ]
229 silly gunzTarPerm extractEntry nan_callbacks.h
230 silly gunzTarPerm modified mode [ 'nan_callbacks.h', 436, 438 ]
231 silly gunzTarPerm extractEntry nan_callbacks_12_inl.h
232 silly gunzTarPerm modified mode [ 'nan_callbacks_12_inl.h', 436, 438 ]
233 silly gunzTarPerm extractEntry nan_callbacks_pre_12_inl.h
234 silly gunzTarPerm modified mode [ 'nan_callbacks_pre_12_inl.h', 436, 438 ]
235 silly gunzTarPerm extractEntry nan_converters_43_inl.h
236 silly gunzTarPerm modified mode [ 'nan_converters_43_inl.h', 436, 438 ]
237 silly gunzTarPerm extractEntry nan_converters_pre_43_inl.h
238 silly gunzTarPerm modified mode [ 'nan_converters_pre_43_inl.h', 436, 438 ]
239 silly gunzTarPerm extractEntry nan_implementation_12_inl.h
240 silly gunzTarPerm modified mode [ 'nan_implementation_12_inl.h', 436, 438 ]
241 silly gunzTarPerm extractEntry nan_implementation_pre_12_inl.h
242 silly gunzTarPerm modified mode [ 'nan_implementation_pre_12_inl.h', 436, 438 ]
243 silly gunzTarPerm extractEntry nan_maybe_43_inl.h
244 silly gunzTarPerm modified mode [ 'nan_maybe_43_inl.h', 436, 438 ]
245 silly gunzTarPerm extractEntry nan_maybe_pre_43_inl.h
246 silly gunzTarPerm modified mode [ 'nan_maybe_pre_43_inl.h', 436, 438 ]
247 silly gunzTarPerm extractEntry nan_new.h
248 silly gunzTarPerm modified mode [ 'nan_new.h', 436, 438 ]
249 silly gunzTarPerm extractEntry nan_object_wrap.h
250 silly gunzTarPerm modified mode [ 'nan_object_wrap.h', 436, 438 ]
251 silly gunzTarPerm extractEntry nan_persistent_12_inl.h
252 silly gunzTarPerm modified mode [ 'nan_persistent_12_inl.h', 436, 438 ]
253 silly gunzTarPerm extractEntry nan_persistent_pre_12_inl.h
254 silly gunzTarPerm modified mode [ 'nan_persistent_pre_12_inl.h', 436, 438 ]
255 silly gunzTarPerm extractEntry nan_private.h
256 silly gunzTarPerm modified mode [ 'nan_private.h', 436, 438 ]
257 silly gunzTarPerm extractEntry nan_string_bytes.h
258 silly gunzTarPerm modified mode [ 'nan_string_bytes.h', 436, 438 ]
259 silly gunzTarPerm extractEntry nan_typedarray_contents.h
260 silly gunzTarPerm modified mode [ 'nan_typedarray_contents.h', 436, 438 ]
261 silly gunzTarPerm extractEntry nan_weak.h
262 silly gunzTarPerm modified mode [ 'nan_weak.h', 436, 438 ]
263 silly gunzTarPerm extractEntry tools/package.json
264 silly gunzTarPerm modified mode [ 'tools/package.json', 436, 438 ]
265 silly gunzTarPerm extractEntry tools/README.md
266 silly gunzTarPerm modified mode [ 'tools/README.md', 436, 438 ]
267 silly gunzTarPerm extractEntry tools/1to2.js
268 silly gunzTarPerm modified mode [ 'tools/1to2.js', 509, 511 ]
269 silly gentlyRm C:\cygwin64\home\140702\pdis-bot\Youtube-Discourse\node_modules\.staging\nan-b47752b2\node_modules is being purged
270 verbose gentlyRm don't care about contents; nuking C:\cygwin64\home\140702\pdis-bot\Youtube-Discourse\node_modules\.staging\nan-b47752b2\node_modules
271 silly doParallel preinstall 2
272 silly preinstall nan@2.5.1 C:\cygwin64\home\140702\pdis-bot\Youtube-Discourse\node_modules\.staging\nan-b47752b2
273 info lifecycle nan@2.5.1~preinstall: nan@2.5.1
274 silly preinstall sleep@5.1.0 C:\cygwin64\home\140702\pdis-bot\Youtube-Discourse\node_modules\.staging\sleep-87aab106
275 info lifecycle sleep@5.1.0~preinstall: sleep@5.1.0
276 silly lifecycle nan@2.5.1~preinstall: no script for preinstall, continuing
277 silly lifecycle sleep@5.1.0~preinstall: no script for preinstall, continuing
278 silly doReverseSerial remove 0
279 silly doSerial move 0
280 silly doSerial finalize 2
281 silly finalize C:\cygwin64\home\140702\pdis-bot\Youtube-Discourse\node_modules\nan
282 silly finalize C:\cygwin64\home\140702\pdis-bot\Youtube-Discourse\node_modules\sleep
283 silly doSerial build 2
284 silly build nan@2.5.1
285 info linkStuff nan@2.5.1
286 silly linkStuff nan@2.5.1 has C:\cygwin64\home\140702\pdis-bot\Youtube-Discourse\node_modules as its parent node_modules
287 verbose linkBins nan@2.5.1
288 verbose linkMans nan@2.5.1
289 silly build sleep@5.1.0
290 info linkStuff sleep@5.1.0
291 silly linkStuff sleep@5.1.0 has C:\cygwin64\home\140702\pdis-bot\Youtube-Discourse\node_modules as its parent node_modules
292 verbose linkBins sleep@5.1.0
293 verbose linkMans sleep@5.1.0
294 silly doSerial global-link 0
295 silly doParallel update-linked 0
296 silly doSerial install 2
297 silly install nan@2.5.1 C:\cygwin64\home\140702\pdis-bot\Youtube-Discourse\node_modules\.staging\nan-b47752b2
298 info lifecycle nan@2.5.1~install: nan@2.5.1
299 silly lifecycle nan@2.5.1~install: no script for install, continuing
300 silly install sleep@5.1.0 C:\cygwin64\home\140702\pdis-bot\Youtube-Discourse\node_modules\.staging\sleep-87aab106
301 info lifecycle sleep@5.1.0~install: sleep@5.1.0
302 verbose lifecycle sleep@5.1.0~install: unsafe-perm in lifecycle true
303 verbose lifecycle sleep@5.1.0~install: PATH: C:\Program Files\nodejs\node_modules\npm\bin\node-gyp-bin;C:\cygwin64\home\140702\pdis-bot\Youtube-Discourse\node_modules\sleep\node_modules\.bin;C:\cygwin64\home\140702\pdis-bot\Youtube-Discourse\node_modules\.bin;C:\cygwin64\usr\local\bin;C:\cygwin64\bin;C:\Program Files\Java\jdk1.8.0_66\bin;C:\oraclexe\app\oracle\product\11.2.0\server\bin;C:\ProgramData\Oracle\Java\javapath;C:\Program Files (x86)\IBM\RationalSDLC\common;C:\Program Files (x86)\Intel\iCLS Client;C:\Program Files\Intel\iCLS Client;C:\windows\system32;C:\windows;C:\windows\System32\Wbem;C:\windows\System32\WindowsPowerShell\v1.0;C:\Program Files\Intel\Intel(R) Management Engine Components\DAL;C:\Program Files\Intel\Intel(R) Management Engine Components\IPT;C:\Program Files (x86)\Intel\Intel(R) Management Engine Components\DAL;C:\Program Files (x86)\Intel\Intel(R) Management Engine Components\IPT;C:\Program Files (x86)\Intel\OpenCL SDK\3.0\bin\x86;C:\Program Files (x86)\Intel\OpenCL SDK\3.0\bin\x64;C:\Program Files\Intel\WiFi\bin;C:\Program Files\Common Files\Intel\WirelessCommon;C:\Program Files (x86)\Toshiba\Bluetooth Toshiba Stack\sys;C:\Program Files (x86)\Toshiba\Bluetooth Toshiba Stack\sys\x64;C:\Program Files\TortoiseSVN\bin;C:\Program Files\nodejs;C:\Program Files (x86)\Yarn\bin
304 verbose lifecycle sleep@5.1.0~install: CWD: C:\cygwin64\home\140702\pdis-bot\Youtube-Discourse\node_modules\sleep
305 silly lifecycle sleep@5.1.0~install: Args: [ '/d /s /c', 'node-gyp rebuild' ]
306 silly lifecycle sleep@5.1.0~install: Returned: code: 1  signal: null
307 info lifecycle sleep@5.1.0~install: Failed to exec install script
308 verbose unlock done using C:\Users\140702\AppData\Roaming\npm-cache\_locks\staging-dceccd86b05b5c02.lock for C:\cygwin64\home\140702\pdis-bot\Youtube-Discourse\node_modules\.staging
309 silly rollbackFailedOptional Starting
310 silly rollbackFailedOptional Finishing
311 silly runTopLevelLifecycles Finishing
312 silly install printInstalled
313 warn enoent ENOENT: no such file or directory, open 'C:\cygwin64\home\140702\pdis-bot\Youtube-Discourse\package.json'
314 verbose enoent ENOENT: no such file or directory, open 'C:\cygwin64\home\140702\pdis-bot\Youtube-Discourse\package.json'
314 verbose enoent This is most likely not a problem with npm itself
314 verbose enoent and is related to npm not being able to find a file.
315 warn Youtube-Discourse No description
316 verbose If you need help, you may report this error at:
316 verbose     <https://github.com/npm/npm/issues>
317 warn Youtube-Discourse No repository field.
318 verbose If you need help, you may report this error at:
318 verbose     <https://github.com/npm/npm/issues>
319 warn Youtube-Discourse No README data
320 verbose If you need help, you may report this error at:
320 verbose     <https://github.com/npm/npm/issues>
321 warn Youtube-Discourse No license field.
322 verbose If you need help, you may report this error at:
322 verbose     <https://github.com/npm/npm/issues>
323 verbose stack Error: sleep@5.1.0 install: `node-gyp rebuild`
323 verbose stack Exit status 1
323 verbose stack     at EventEmitter.<anonymous> (C:\Program Files\nodejs\node_modules\npm\lib\utils\lifecycle.js:255:16)
323 verbose stack     at emitTwo (events.js:106:13)
323 verbose stack     at EventEmitter.emit (events.js:191:7)
323 verbose stack     at ChildProcess.<anonymous> (C:\Program Files\nodejs\node_modules\npm\lib\utils\spawn.js:40:14)
323 verbose stack     at emitTwo (events.js:106:13)
323 verbose stack     at ChildProcess.emit (events.js:191:7)
323 verbose stack     at maybeClose (internal/child_process.js:877:16)
323 verbose stack     at Process.ChildProcess._handle.onexit (internal/child_process.js:226:5)
324 verbose pkgid sleep@5.1.0
325 verbose cwd C:\cygwin64\home\140702\pdis-bot\Youtube-Discourse
326 error Windows_NT 6.1.7601
327 error argv "C:\\Program Files\\nodejs\\node.exe" "C:\\Program Files\\nodejs\\node_modules\\npm\\bin\\npm-cli.js" "install" "sleep"
328 error node v6.9.2
329 error npm  v3.10.9
330 error code ELIFECYCLE
331 error sleep@5.1.0 install: `node-gyp rebuild`
331 error Exit status 1
332 error Failed at the sleep@5.1.0 install script 'node-gyp rebuild'.
332 error Make sure you have the latest version of node.js and npm installed.
332 error If you do, this is most likely a problem with the sleep package,
332 error not with npm itself.
332 error Tell the author that this fails on your system:
332 error     node-gyp rebuild
332 error You can get information on how to open an issue for this project with:
332 error     npm bugs sleep
332 error Or if that isn't available, you can get their info via:
332 error     npm owner ls sleep
332 error There is likely additional logging output above.
333 verbose exit [ 1, true ]
